<?xml version="1.0" encoding="UTF-8"?>
<!-- Generated by org.testng.reporters.JUnitReportReporter -->
<testsuite skipped="0" hostname="Nans-MacBook.local" name="test_cases.Add_Item_Test" tests="1" failures="0" timestamp="02 May 2018 00:53:29 GMT" time="50.844" errors="0">
  <testcase name="add_item_with_sign_in" time="50.844" classname="test_cases.Add_Item_Test"/>
</testsuite> <!-- test_cases.Add_Item_Test -->
